<?xml version="1.0" encoding="UTF-8"?>
<coverage generated="1547614995308" clover="3.2.0">
  <project timestamp="1547614995308" name="All files">
    <metrics statements="65" coveredstatements="20" conditionals="18" coveredconditionals="7" methods="23" coveredmethods="9" elements="106" coveredelements="36" complexity="0" loc="65" ncloc="65" packages="4" files="8" classes="8">
      <package name="src">
        <metrics statements="46" coveredstatements="9" conditionals="10" coveredconditionals="3" methods="15" coveredmethods="5"/>
        <file name="App.js" path="/home/caadmin/repos/redux-client/src/App.js">
          <metrics statements="37" coveredstatements="8" conditionals="10" coveredconditionals="3" methods="14" coveredmethods="5"/>
          <line num="14" count="3" type="stmt"/>
          <line num="18" count="0" type="stmt"/>
          <line num="22" count="0" type="stmt"/>
          <line num="23" count="0" type="stmt"/>
          <line num="24" count="0" type="stmt"/>
          <line num="25" count="0" type="stmt"/>
          <line num="29" count="0" type="stmt"/>
          <line num="30" count="0" type="stmt"/>
          <line num="31" count="0" type="stmt"/>
          <line num="32" count="0" type="stmt"/>
          <line num="34" count="0" type="stmt"/>
          <line num="39" count="0" type="stmt"/>
          <line num="40" count="0" type="stmt"/>
          <line num="41" count="0" type="stmt"/>
          <line num="42" count="0" type="stmt"/>
          <line num="47" count="0" type="stmt"/>
          <line num="48" count="0" type="stmt"/>
          <line num="49" count="0" type="cond" truecount="0" falsecount="2"/>
          <line num="50" count="0" type="stmt"/>
          <line num="51" count="0" type="stmt"/>
          <line num="52" count="0" type="stmt"/>
          <line num="58" count="1" type="cond" truecount="1" falsecount="1"/>
          <line num="59" count="1" type="stmt"/>
          <line num="60" count="1" type="stmt"/>
          <line num="66" count="1" type="stmt"/>
          <line num="69" count="1" type="cond" truecount="1" falsecount="1"/>
          <line num="70" count="0" type="stmt"/>
          <line num="72" count="1" type="stmt"/>
          <line num="76" count="0" type="cond" truecount="0" falsecount="2"/>
          <line num="86" count="0" type="stmt"/>
          <line num="103" count="1" type="cond" truecount="1" falsecount="1"/>
          <line num="104" count="0" type="stmt"/>
          <line num="105" count="0" type="stmt"/>
          <line num="110" count="0" type="stmt"/>
          <line num="111" count="0" type="stmt"/>
          <line num="112" count="0" type="stmt"/>
          <line num="115" count="0" type="stmt"/>
        </file>
        <file name="index.js" path="/home/caadmin/repos/redux-client/src/index.js">
          <metrics statements="8" coveredstatements="0" conditionals="0" coveredconditionals="0" methods="1" coveredmethods="0"/>
          <line num="1" count="0" type="stmt"/>
          <line num="2" count="0" type="stmt"/>
          <line num="3" count="0" type="stmt"/>
          <line num="4" count="0" type="stmt"/>
          <line num="5" count="0" type="stmt"/>
          <line num="7" count="0" type="stmt"/>
          <line num="8" count="0" type="stmt"/>
          <line num="9" count="0" type="stmt"/>
        </file>
        <file name="setupTests.js" path="/home/caadmin/repos/redux-client/src/setupTests.js">
          <metrics statements="1" coveredstatements="1" conditionals="0" coveredconditionals="0" methods="0" coveredmethods="0"/>
          <line num="4" count="4" type="stmt"/>
        </file>
      </package>
      <package name="src.api">
        <metrics statements="3" coveredstatements="2" conditionals="0" coveredconditionals="0" methods="1" coveredmethods="0"/>
        <file name="init.js" path="/home/caadmin/repos/redux-client/src/api/init.js">
          <metrics statements="3" coveredstatements="2" conditionals="0" coveredconditionals="0" methods="1" coveredmethods="0"/>
          <line num="4" count="1" type="stmt"/>
          <line num="10" count="1" type="stmt"/>
          <line num="11" count="0" type="stmt"/>
        </file>
      </package>
      <package name="src.components">
        <metrics statements="4" coveredstatements="4" conditionals="2" coveredconditionals="2" methods="3" coveredmethods="3"/>
        <file name="Bookmark.js" path="/home/caadmin/repos/redux-client/src/components/Bookmark.js">
          <metrics statements="3" coveredstatements="3" conditionals="0" coveredconditionals="0" methods="2" coveredmethods="2"/>
          <line num="4" count="2" type="stmt"/>
          <line num="5" count="2" type="stmt"/>
          <line num="8" count="1" type="stmt"/>
        </file>
        <file name="SignIn.js" path="/home/caadmin/repos/redux-client/src/components/SignIn.js">
          <metrics statements="1" coveredstatements="1" conditionals="2" coveredconditionals="2" methods="1" coveredmethods="1"/>
          <line num="4" count="3" type="stmt"/>
        </file>
      </package>
      <package name="src.config">
        <metrics statements="12" coveredstatements="5" conditionals="6" coveredconditionals="2" methods="4" coveredmethods="1"/>
        <file name="actions.js" path="/home/caadmin/repos/redux-client/src/config/actions.js">
          <metrics statements="3" coveredstatements="0" conditionals="0" coveredconditionals="0" methods="3" coveredmethods="0"/>
          <line num="3" count="0" type="stmt"/>
          <line num="10" count="0" type="stmt"/>
          <line num="17" count="0" type="stmt"/>
        </file>
        <file name="store.js" path="/home/caadmin/repos/redux-client/src/config/store.js">
          <metrics statements="9" coveredstatements="5" conditionals="6" coveredconditionals="2" methods="1" coveredmethods="1"/>
          <line num="3" count="1" type="stmt"/>
          <line num="9" count="1" type="stmt"/>
          <line num="10" count="1" type="cond" truecount="1" falsecount="3"/>
          <line num="12" count="0" type="stmt"/>
          <line num="14" count="0" type="stmt"/>
          <line num="16" count="0" type="stmt"/>
          <line num="18" count="1" type="cond" truecount="1" falsecount="1"/>
          <line num="19" count="0" type="stmt"/>
          <line num="21" count="1" type="stmt"/>
        </file>
      </package>
    </metrics>
  </project>
</coverage>
