{"/home/caadmin/repos/redux-client/src/App.js": {"path":"/home/caadmin/repos/redux-client/src/App.js","statementMap":{"0":{"start":{"line":14,"column":4},"end":{"line":14,"column":40}},"1":{"start":{"line":18,"column":4},"end":{"line":18,"column":40}},"2":{"start":{"line":22,"column":4},"end":{"line":35,"column":5}},"3":{"start":{"line":23,"column":6},"end":{"line":23,"column":28}},"4":{"start":{"line":24,"column":19},"end":{"line":24,"column":31}},"5":{"start":{"line":25,"column":23},"end":{"line":28,"column":8}},"6":{"start":{"line":29,"column":6},"end":{"line":29,"column":38}},"7":{"start":{"line":30,"column":6},"end":{"line":30,"column":33}},"8":{"start":{"line":31,"column":6},"end":{"line":31,"column":45}},"9":{"start":{"line":32,"column":6},"end":{"line":32,"column":27}},"10":{"start":{"line":34,"column":6},"end":{"line":34,"column":56}},"11":{"start":{"line":39,"column":4},"end":{"line":43,"column":6}},"12":{"start":{"line":40,"column":6},"end":{"line":40,"column":38}},"13":{"start":{"line":41,"column":6},"end":{"line":41,"column":46}},"14":{"start":{"line":42,"column":6},"end":{"line":42,"column":44}},"15":{"start":{"line":47,"column":4},"end":{"line":47,"column":34}},"16":{"start":{"line":48,"column":18},"end":{"line":48,"column":87}},"17":{"start":{"line":48,"column":67},"end":{"line":48,"column":86}},"18":{"start":{"line":49,"column":4},"end":{"line":53,"column":5}},"19":{"start":{"line":50,"column":27},"end":{"line":50,"column":58}},"20":{"start":{"line":51,"column":6},"end":{"line":51,"column":35}},"21":{"start":{"line":52,"column":6},"end":{"line":52,"column":54}},"22":{"start":{"line":58,"column":25},"end":{"line":58,"column":60}},"23":{"start":{"line":59,"column":26},"end":{"line":59,"column":42}},"24":{"start":{"line":60,"column":4},"end":{"line":99,"column":6}},"25":{"start":{"line":66,"column":16},"end":{"line":66,"column":40}},"26":{"start":{"line":69,"column":16},"end":{"line":73,"column":17}},"27":{"start":{"line":70,"column":18},"end":{"line":70,"column":55}},"28":{"start":{"line":72,"column":18},"end":{"line":72,"column":111}},"29":{"start":{"line":76,"column":16},"end":{"line":93,"column":19}},"30":{"start":{"line":86,"column":38},"end":{"line":86,"column":104}},"31":{"start":{"line":103,"column":4},"end":{"line":106,"column":5}},"32":{"start":{"line":104,"column":6},"end":{"line":104,"column":24}},"33":{"start":{"line":105,"column":6},"end":{"line":105,"column":27}},"34":{"start":{"line":110,"column":4},"end":{"line":116,"column":5}},"35":{"start":{"line":111,"column":24},"end":{"line":111,"column":51}},"36":{"start":{"line":112,"column":6},"end":{"line":112,"column":56}},"37":{"start":{"line":115,"column":6},"end":{"line":115,"column":36}}},"fnMap":{"0":{"name":"(anonymous_0)","decl":{"start":{"line":13,"column":2},"end":{"line":13,"column":3}},"loc":{"start":{"line":13,"column":14},"end":{"line":15,"column":3}},"line":13},"1":{"name":"(anonymous_1)","decl":{"start":{"line":17,"column":2},"end":{"line":17,"column":3}},"loc":{"start":{"line":17,"column":19},"end":{"line":19,"column":3}},"line":17},"2":{"name":"(anonymous_2)","decl":{"start":{"line":21,"column":17},"end":{"line":21,"column":18}},"loc":{"start":{"line":21,"column":34},"end":{"line":36,"column":3}},"line":21},"3":{"name":"(anonymous_3)","decl":{"start":{"line":38,"column":18},"end":{"line":38,"column":19}},"loc":{"start":{"line":38,"column":29},"end":{"line":44,"column":3}},"line":38},"4":{"name":"(anonymous_4)","decl":{"start":{"line":39,"column":33},"end":{"line":39,"column":34}},"loc":{"start":{"line":39,"column":39},"end":{"line":43,"column":5}},"line":39},"5":{"name":"(anonymous_5)","decl":{"start":{"line":46,"column":11},"end":{"line":46,"column":12}},"loc":{"start":{"line":46,"column":19},"end":{"line":55,"column":3}},"line":46},"6":{"name":"(anonymous_6)","decl":{"start":{"line":48,"column":55},"end":{"line":48,"column":56}},"loc":{"start":{"line":48,"column":67},"end":{"line":48,"column":86}},"line":48},"7":{"name":"(anonymous_7)","decl":{"start":{"line":57,"column":2},"end":{"line":57,"column":3}},"loc":{"start":{"line":57,"column":11},"end":{"line":100,"column":3}},"line":57},"8":{"name":"(anonymous_8)","decl":{"start":{"line":65,"column":44},"end":{"line":65,"column":45}},"loc":{"start":{"line":66,"column":16},"end":{"line":66,"column":40}},"line":66},"9":{"name":"(anonymous_9)","decl":{"start":{"line":68,"column":49},"end":{"line":68,"column":50}},"loc":{"start":{"line":68,"column":60},"end":{"line":74,"column":15}},"line":68},"10":{"name":"(anonymous_10)","decl":{"start":{"line":75,"column":53},"end":{"line":75,"column":54}},"loc":{"start":{"line":76,"column":16},"end":{"line":93,"column":19}},"line":76},"11":{"name":"(anonymous_11)","decl":{"start":{"line":86,"column":26},"end":{"line":86,"column":27}},"loc":{"start":{"line":86,"column":38},"end":{"line":86,"column":104}},"line":86},"12":{"name":"(anonymous_12)","decl":{"start":{"line":102,"column":2},"end":{"line":102,"column":3}},"loc":{"start":{"line":102,"column":22},"end":{"line":107,"column":3}},"line":102},"13":{"name":"(anonymous_13)","decl":{"start":{"line":109,"column":2},"end":{"line":109,"column":3}},"loc":{"start":{"line":109,"column":25},"end":{"line":117,"column":3}},"line":109}},"branchMap":{"0":{"loc":{"start":{"line":49,"column":4},"end":{"line":53,"column":5}},"type":"if","locations":[{"start":{"line":49,"column":4},"end":{"line":53,"column":5}},{"start":{"line":49,"column":4},"end":{"line":53,"column":5}}],"line":49},"1":{"loc":{"start":{"line":58,"column":25},"end":{"line":58,"column":60}},"type":"binary-expr","locations":[{"start":{"line":58,"column":25},"end":{"line":58,"column":35}},{"start":{"line":58,"column":39},"end":{"line":58,"column":60}}],"line":58},"2":{"loc":{"start":{"line":69,"column":16},"end":{"line":73,"column":17}},"type":"if","locations":[{"start":{"line":69,"column":16},"end":{"line":73,"column":17}},{"start":{"line":69,"column":16},"end":{"line":73,"column":17}}],"line":69},"3":{"loc":{"start":{"line":76,"column":16},"end":{"line":93,"column":19}},"type":"cond-expr","locations":[{"start":{"line":77,"column":18},"end":{"line":90,"column":29}},{"start":{"line":92,"column":20},"end":{"line":92,"column":44}}],"line":76},"4":{"loc":{"start":{"line":103,"column":4},"end":{"line":106,"column":5}},"type":"if","locations":[{"start":{"line":103,"column":4},"end":{"line":106,"column":5}},{"start":{"line":103,"column":4},"end":{"line":106,"column":5}}],"line":103}},"s":{"0":3,"1":0,"2":0,"3":0,"4":0,"5":0,"6":0,"7":0,"8":0,"9":0,"10":0,"11":0,"12":0,"13":0,"14":0,"15":0,"16":0,"17":0,"18":0,"19":0,"20":0,"21":0,"22":1,"23":1,"24":1,"25":1,"26":1,"27":0,"28":1,"29":0,"30":0,"31":1,"32":0,"33":0,"34":0,"35":0,"36":0,"37":0},"f":{"0":3,"1":0,"2":0,"3":0,"4":0,"5":0,"6":0,"7":1,"8":1,"9":1,"10":0,"11":0,"12":1,"13":0},"b":{"0":[0,0],"1":[1,0],"2":[0,1],"3":[0,0],"4":[0,1]},"_coverageSchema":"332fd63041d2c1bcb487cc26dd0d5f7d97098a6c","hash":"782032320e8e98db8bb270da0366586ca2585edb"}
,"/home/caadmin/repos/redux-client/src/index.js": {"path":"/home/caadmin/repos/redux-client/src/index.js","statementMap":{"0":{"start":{"line":1,"column":0},"end":{"line":null,"column":-1}},"1":{"start":{"line":2,"column":0},"end":{"line":null,"column":-1}},"2":{"start":{"line":3,"column":0},"end":{"line":null,"column":-1}},"3":{"start":{"line":4,"column":0},"end":{"line":null,"column":-1}},"4":{"start":{"line":5,"column":0},"end":{"line":null,"column":-1}},"5":{"start":{"line":7,"column":15},"end":{"line":7,"column":0}},"6":{"start":{"line":7,"column":21},"end":{"line":7,"column":0}},"7":{"start":{"line":8,"column":0},"end":{"line":null,"column":-1}},"8":{"start":{"line":9,"column":0},"end":{"line":9,"column":6}}},"fnMap":{"0":{"name":"(anonymous_0)","decl":{"start":{"line":7,"column":15},"end":{"line":7,"column":20}},"loc":{"start":{"line":7,"column":21},"end":{"line":7,"column":0}}}},"branchMap":{},"s":{"0":0,"1":0,"2":0,"3":0,"4":0,"5":0,"6":0,"7":0,"8":0},"f":{"0":0},"b":{}}
,"/home/caadmin/repos/redux-client/src/setupTests.js": {"path":"/home/caadmin/repos/redux-client/src/setupTests.js","statementMap":{"0":{"start":{"line":4,"column":0},"end":{"line":4,"column":37}}},"fnMap":{},"branchMap":{},"s":{"0":4},"f":{},"b":{},"_coverageSchema":"332fd63041d2c1bcb487cc26dd0d5f7d97098a6c","hash":"849488b80f6372cb86e2ff265ab93f100ba8ec7f"}
,"/home/caadmin/repos/redux-client/src/api/init.js": {"path":"/home/caadmin/repos/redux-client/src/api/init.js","statementMap":{"0":{"start":{"line":4,"column":12},"end":{"line":6,"column":2}},"1":{"start":{"line":10,"column":15},"end":{"line":12,"column":1}},"2":{"start":{"line":11,"column":2},"end":{"line":11,"column":66}}},"fnMap":{"0":{"name":"(anonymous_0)","decl":{"start":{"line":10,"column":15},"end":{"line":10,"column":16}},"loc":{"start":{"line":10,"column":26},"end":{"line":12,"column":1}},"line":10}},"branchMap":{},"s":{"0":1,"1":1,"2":0},"f":{"0":0},"b":{},"_coverageSchema":"332fd63041d2c1bcb487cc26dd0d5f7d97098a6c","hash":"bb6e203c415fce6775b2d7c4cee69e598927a8b1"}
,"/home/caadmin/repos/redux-client/src/components/Bookmark.js": {"path":"/home/caadmin/repos/redux-client/src/components/Bookmark.js","statementMap":{"0":{"start":{"line":4,"column":38},"end":{"line":4,"column":43}},"1":{"start":{"line":5,"column":2},"end":{"line":10,"column":3}},"2":{"start":{"line":8,"column":29},"end":{"line":8,"column":40}}},"fnMap":{"0":{"name":"Bookmark","decl":{"start":{"line":3,"column":9},"end":{"line":3,"column":17}},"loc":{"start":{"line":3,"column":25},"end":{"line":11,"column":1}},"line":3},"1":{"name":"(anonymous_1)","decl":{"start":{"line":8,"column":23},"end":{"line":8,"column":24}},"loc":{"start":{"line":8,"column":29},"end":{"line":8,"column":40}},"line":8}},"branchMap":{},"s":{"0":2,"1":2,"2":1},"f":{"0":2,"1":1},"b":{},"_coverageSchema":"332fd63041d2c1bcb487cc26dd0d5f7d97098a6c","hash":"76f7dacc3dcdcb885dea0f4cee8d2433cc7e2c05"}
,"/home/caadmin/repos/redux-client/src/components/SignIn.js": {"path":"/home/caadmin/repos/redux-client/src/components/SignIn.js","statementMap":{"0":{"start":{"line":4,"column":2},"end":{"line":9,"column":9}}},"fnMap":{"0":{"name":"(anonymous_0)","decl":{"start":{"line":3,"column":15},"end":{"line":3,"column":16}},"loc":{"start":{"line":4,"column":2},"end":{"line":9,"column":9}},"line":4}},"branchMap":{"0":{"loc":{"start":{"line":5,"column":6},"end":{"line":5,"column":41}},"type":"binary-expr","locations":[{"start":{"line":5,"column":6},"end":{"line":5,"column":16}},{"start":{"line":5,"column":20},"end":{"line":5,"column":41}}],"line":5}},"s":{"0":3},"f":{"0":3},"b":{"0":[3,1]},"_coverageSchema":"332fd63041d2c1bcb487cc26dd0d5f7d97098a6c","hash":"777f69f163774455d1f8755be65ba2f83eb12f49"}
,"/home/caadmin/repos/redux-client/src/config/actions.js": {"path":"/home/caadmin/repos/redux-client/src/config/actions.js","statementMap":{"0":{"start":{"line":3,"column":2},"end":{"line":6,"column":3}},"1":{"start":{"line":10,"column":2},"end":{"line":13,"column":3}},"2":{"start":{"line":17,"column":2},"end":{"line":20,"column":3}}},"fnMap":{"0":{"name":"setBookmarksAction","decl":{"start":{"line":2,"column":16},"end":{"line":2,"column":34}},"loc":{"start":{"line":2,"column":46},"end":{"line":7,"column":1}},"line":2},"1":{"name":"setLoginErrorAction","decl":{"start":{"line":9,"column":16},"end":{"line":9,"column":35}},"loc":{"start":{"line":9,"column":48},"end":{"line":14,"column":1}},"line":9},"2":{"name":"setLoggedInAction","decl":{"start":{"line":16,"column":16},"end":{"line":16,"column":33}},"loc":{"start":{"line":16,"column":44},"end":{"line":21,"column":1}},"line":16}},"branchMap":{},"s":{"0":0,"1":0,"2":0},"f":{"0":0,"1":0,"2":0},"b":{},"_coverageSchema":"332fd63041d2c1bcb487cc26dd0d5f7d97098a6c","hash":"ce1d651eef91e010be795b7e17ed36f61553dbd6"}
,"/home/caadmin/repos/redux-client/src/config/store.js": {"path":"/home/caadmin/repos/redux-client/src/config/store.js","statementMap":{"0":{"start":{"line":3,"column":21},"end":{"line":7,"column":1}},"1":{"start":{"line":9,"column":16},"end":{"line":23,"column":1}},"2":{"start":{"line":10,"column":2},"end":{"line":22,"column":3}},"3":{"start":{"line":12,"column":6},"end":{"line":12,"column":54}},"4":{"start":{"line":14,"column":6},"end":{"line":14,"column":56}},"5":{"start":{"line":16,"column":6},"end":{"line":16,"column":52}},"6":{"start":{"line":18,"column":6},"end":{"line":20,"column":7}},"7":{"start":{"line":19,"column":8},"end":{"line":19,"column":61}},"8":{"start":{"line":21,"column":6},"end":{"line":21,"column":18}}},"fnMap":{"0":{"name":"(anonymous_0)","decl":{"start":{"line":9,"column":16},"end":{"line":9,"column":17}},"loc":{"start":{"line":9,"column":35},"end":{"line":23,"column":1}},"line":9}},"branchMap":{"0":{"loc":{"start":{"line":10,"column":2},"end":{"line":22,"column":3}},"type":"switch","locations":[{"start":{"line":11,"column":4},"end":{"line":12,"column":54}},{"start":{"line":13,"column":4},"end":{"line":14,"column":56}},{"start":{"line":15,"column":4},"end":{"line":16,"column":52}},{"start":{"line":17,"column":4},"end":{"line":21,"column":18}}],"line":10},"1":{"loc":{"start":{"line":18,"column":6},"end":{"line":20,"column":7}},"type":"if","locations":[{"start":{"line":18,"column":6},"end":{"line":20,"column":7}},{"start":{"line":18,"column":6},"end":{"line":20,"column":7}}],"line":18}},"s":{"0":1,"1":1,"2":1,"3":0,"4":0,"5":0,"6":1,"7":0,"8":1},"f":{"0":1},"b":{"0":[0,0,0,1],"1":[0,1]},"_coverageSchema":"332fd63041d2c1bcb487cc26dd0d5f7d97098a6c","hash":"75f6f03f6b5c4f4641a7afe7e408b30f3acc4195"}
}
