TN:
SF:/home/caadmin/repos/redux-client/src/App.js
FN:13,(anonymous_0)
FN:17,(anonymous_1)
FN:21,(anonymous_2)
FN:38,(anonymous_3)
FN:39,(anonymous_4)
FN:46,(anonymous_5)
FN:48,(anonymous_6)
FN:57,(anonymous_7)
FN:65,(anonymous_8)
FN:68,(anonymous_9)
FN:75,(anonymous_10)
FN:86,(anonymous_11)
FN:102,(anonymous_12)
FN:109,(anonymous_13)
FNF:14
FNH:5
FNDA:3,(anonymous_0)
FNDA:0,(anonymous_1)
FNDA:0,(anonymous_2)
FNDA:0,(anonymous_3)
FNDA:0,(anonymous_4)
FNDA:0,(anonymous_5)
FNDA:0,(anonymous_6)
FNDA:1,(anonymous_7)
FNDA:1,(anonymous_8)
FNDA:1,(anonymous_9)
FNDA:0,(anonymous_10)
FNDA:0,(anonymous_11)
FNDA:1,(anonymous_12)
FNDA:0,(anonymous_13)
DA:14,3
DA:18,0
DA:22,0
DA:23,0
DA:24,0
DA:25,0
DA:29,0
DA:30,0
DA:31,0
DA:32,0
DA:34,0
DA:39,0
DA:40,0
DA:41,0
DA:42,0
DA:47,0
DA:48,0
DA:49,0
DA:50,0
DA:51,0
DA:52,0
DA:58,1
DA:59,1
DA:60,1
DA:66,1
DA:69,1
DA:70,0
DA:72,1
DA:76,0
DA:86,0
DA:103,1
DA:104,0
DA:105,0
DA:110,0
DA:111,0
DA:112,0
DA:115,0
LF:37
LH:8
BRDA:49,0,0,0
BRDA:49,0,1,0
BRDA:58,1,0,1
BRDA:58,1,1,0
BRDA:69,2,0,0
BRDA:69,2,1,1
BRDA:76,3,0,0
BRDA:76,3,1,0
BRDA:103,4,0,0
BRDA:103,4,1,1
BRF:10
BRH:3
end_of_record
TN:
SF:/home/caadmin/repos/redux-client/src/index.js
FN:7,(anonymous_0)
FNF:1
FNH:0
FNDA:0,(anonymous_0)
DA:1,0
DA:2,0
DA:3,0
DA:4,0
DA:5,0
DA:7,0
DA:8,0
DA:9,0
LF:8
LH:0
BRF:0
BRH:0
end_of_record
TN:
SF:/home/caadmin/repos/redux-client/src/setupTests.js
FNF:0
FNH:0
DA:4,4
LF:1
LH:1
BRF:0
BRH:0
end_of_record
TN:
SF:/home/caadmin/repos/redux-client/src/api/init.js
FN:10,(anonymous_0)
FNF:1
FNH:0
FNDA:0,(anonymous_0)
DA:4,1
DA:10,1
DA:11,0
LF:3
LH:2
BRF:0
BRH:0
end_of_record
TN:
SF:/home/caadmin/repos/redux-client/src/components/Bookmark.js
FN:3,Bookmark
FN:8,(anonymous_1)
FNF:2
FNH:2
FNDA:2,Bookmark
FNDA:1,(anonymous_1)
DA:4,2
DA:5,2
DA:8,1
LF:3
LH:3
BRF:0
BRH:0
end_of_record
TN:
SF:/home/caadmin/repos/redux-client/src/components/SignIn.js
FN:3,(anonymous_0)
FNF:1
FNH:1
FNDA:3,(anonymous_0)
DA:4,3
LF:1
LH:1
BRDA:5,0,0,3
BRDA:5,0,1,1
BRF:2
BRH:2
end_of_record
TN:
SF:/home/caadmin/repos/redux-client/src/config/actions.js
FN:2,setBookmarksAction
FN:9,setLoginErrorAction
FN:16,setLoggedInAction
FNF:3
FNH:0
FNDA:0,setBookmarksAction
FNDA:0,setLoginErrorAction
FNDA:0,setLoggedInAction
DA:3,0
DA:10,0
DA:17,0
LF:3
LH:0
BRF:0
BRH:0
end_of_record
TN:
SF:/home/caadmin/repos/redux-client/src/config/store.js
FN:9,(anonymous_0)
FNF:1
FNH:1
FNDA:1,(anonymous_0)
DA:3,1
DA:9,1
DA:10,1
DA:12,0
DA:14,0
DA:16,0
DA:18,1
DA:19,0
DA:21,1
LF:9
LH:5
BRDA:10,0,0,0
BRDA:10,0,1,0
BRDA:10,0,2,0
BRDA:10,0,3,1
BRDA:18,1,0,0
BRDA:18,1,1,1
BRF:6
BRH:2
end_of_record
